Running: C:\Xilinx\14.5\ISE_DS\ISE\bin\nt64\unwrapped\fuse.exe -intstyle ise -incremental -o D:/Proyectos_Xilinx/Procesador5_SinConexxion/test_procesador2_isim_beh.exe -prj D:/Proyectos_Xilinx/Procesador5_SinConexxion/test_procesador2_beh.prj work.test_procesador2 
ISim P.58f (signature 0x7708f090)
Number of CPUs detected in this system: 4
Turning on mult-threading, number of parallel sub-compilation jobs: 8 
Determining compilation order of HDL files
Parsing VHDL file "D:/Proyectos_Xilinx/Procesador5_SinConexxion/WindowsManager.vhd" into library work
Parsing VHDL file "D:/Proyectos_Xilinx/Procesador5_SinConexxion/UC.vhd" into library work
Parsing VHDL file "D:/Proyectos_Xilinx/Procesador5_SinConexxion/sumador.vhd" into library work
Parsing VHDL file "D:/Proyectos_Xilinx/Procesador5_SinConexxion/SEU_unidad_extension_signo.vhd" into library work
Parsing VHDL file "D:/Proyectos_Xilinx/Procesador5_SinConexxion/register_file_RF.vhd" into library work
Parsing VHDL file "D:/Proyectos_Xilinx/Procesador5_SinConexxion/PSR_modifier.vhd" into library work
Parsing VHDL file "D:/Proyectos_Xilinx/Procesador5_SinConexxion/PSR.vhd" into library work
Parsing VHDL file "D:/Proyectos_Xilinx/Procesador5_SinConexxion/progam_counter_PC.vhd" into library work
Parsing VHDL file "D:/Proyectos_Xilinx/Procesador5_SinConexxion/nPc.vhd" into library work
Parsing VHDL file "D:/Proyectos_Xilinx/Procesador5_SinConexxion/MUX_multiplexor.vhd" into library work
Parsing VHDL file "D:/Proyectos_Xilinx/Procesador5_SinConexxion/Muxo.vhd" into library work
Parsing VHDL file "D:/Proyectos_Xilinx/Procesador5_SinConexxion/instruction_memory_IM.vhd" into library work
Parsing VHDL file "D:/Proyectos_Xilinx/Procesador5_SinConexxion/DataMemory.vhd" into library work
Parsing VHDL file "D:/Proyectos_Xilinx/Procesador5_SinConexxion/ALU.vhd" into library work
Parsing VHDL file "D:/Proyectos_Xilinx/Procesador5_SinConexxion/procesador2.vhd" into library work
Parsing VHDL file "D:/Proyectos_Xilinx/Procesador5_SinConexxion/test_procesador2.vhd" into library work
Starting static elaboration
Completed static elaboration
Compiling package standard
Compiling package std_logic_1164
Compiling package numeric_std
Compiling package std_logic_arith
Compiling package std_logic_unsigned
Compiling package textio
Compiling architecture behavioral of entity sumador [sumador_default]
Compiling architecture behavioral of entity nPc [npc_default]
Compiling architecture behavioral of entity progam_counter_PC [progam_counter_pc_default]
Compiling architecture behavioral of entity instruction_memory_IM [instruction_memory_im_default]
Compiling architecture behavioral of entity UC [uc_default]
Compiling architecture behavioral of entity register_file_RF [register_file_rf_default]
Compiling architecture behavioral of entity MUX_multiplexor [mux_multiplexor_default]
Compiling architecture behavioral of entity SEU_unidad_extension_signo [seu_unidad_extension_signo_defau...]
Compiling architecture behavioral of entity ALU [alu_default]
Compiling architecture behavioral of entity PSR_modifier [psr_modifier_default]
Compiling architecture behavioral of entity PSR [psr_default]
Compiling architecture arq_wm of entity WindowsManager [windowsmanager_default]
Compiling architecture arq_datamemory of entity DataMemory [datamemory_default]
Compiling architecture arq_muxo of entity Muxo [muxo_default]
Compiling architecture arq_procesador2 of entity procesador2 [procesador2_default]
Compiling architecture behavior of entity test_procesador2
Time Resolution for simulation is 1ps.
Waiting for 14 sub-compilation(s) to finish...
Compiled 37 VHDL Units
Built simulation executable D:/Proyectos_Xilinx/Procesador5_SinConexxion/test_procesador2_isim_beh.exe
Fuse Memory Usage: 36756 KB
Fuse CPU Usage: 889 ms
