ISim log file
Running: D:\Proyectos_Xilinx\Procesador5_SinConexxion\test_procesador2_isim_beh.exe -intstyle ise -gui -tclbatch isim.cmd -wdb D:/Proyectos_Xilinx/Procesador5_SinConexxion/test_procesador2_isim_beh.wdb 
ISim P.58f (signature 0x7708f090)
This is a Full version of ISim.
Time resolution is 1 ps
# onerror resume
# wave add /
# run 1000 ns
Simulator is doing circuit initialization process.
at 0 ps, Instance /test_procesador2/uut/Inst_sumador/ : Warning: There is an 'U'|'X'|'W'|'Z'|'-' in an arithmetic operand, the result will be 'X'(es).
at 0 ps, Instance /test_procesador2/uut/Inst_instruction_memory_IM/ : Warning: CONV_INTEGER: There is an 'U'|'X'|'W'|'Z'|'-' in an arithmetic operand, and it has been converted to 0.
at 0 ps, Instance /test_procesador2/uut/Inst_register_file_RF/ : Warning: CONV_INTEGER: There is an 'U'|'X'|'W'|'Z'|'-' in an arithmetic operand, and it has been converted to 0.
at 0 ps, Instance /test_procesador2/uut/Inst_register_file_RF/ : Warning: CONV_INTEGER: There is an 'U'|'X'|'W'|'Z'|'-' in an arithmetic operand, and it has been converted to 0.
at 0 ps, Instance /test_procesador2/uut/Inst_register_file_RF/ : Warning: CONV_INTEGER: There is an 'U'|'X'|'W'|'Z'|'-' in an arithmetic operand, and it has been converted to 0.
Finished circuit initialization process.
at 100 ns(2), Instance /test_procesador2/uut/Inst_WindowsManager/ : Warning: CONV_INTEGER: There is an 'U'|'X'|'W'|'Z'|'-' in an arithmetic operand, and it has been converted to 0.
at 115 ns(3), Instance /test_procesador2/uut/Inst_WindowsManager/ : Warning: CONV_INTEGER: There is an 'U'|'X'|'W'|'Z'|'-' in an arithmetic operand, and it has been converted to 0.
at 135 ns(3), Instance /test_procesador2/uut/Inst_WindowsManager/ : Warning: CONV_INTEGER: There is an 'U'|'X'|'W'|'Z'|'-' in an arithmetic operand, and it has been converted to 0.
at 135 ns(3), Instance /test_procesador2/uut/Inst_WindowsManager/ : Warning: CONV_INTEGER: There is an 'U'|'X'|'W'|'Z'|'-' in an arithmetic operand, and it has been converted to 0.
at 135 ns(3), Instance /test_procesador2/uut/Inst_WindowsManager/ : Warning: CONV_INTEGER: There is an 'U'|'X'|'W'|'Z'|'-' in an arithmetic operand, and it has been converted to 0.
at 155 ns(3), Instance /test_procesador2/uut/Inst_WindowsManager/ : Warning: CONV_INTEGER: There is an 'U'|'X'|'W'|'Z'|'-' in an arithmetic operand, and it has been converted to 0.
at 175 ns(3), Instance /test_procesador2/uut/Inst_WindowsManager/ : Warning: CONV_INTEGER: There is an 'U'|'X'|'W'|'Z'|'-' in an arithmetic operand, and it has been converted to 0.
ERROR: Index 5 out of bound 0 to 4. 
ERROR: In process instruction_memory_IM.vhd:67 
 
INFO: Simulator is stopped.
